[0.599s] Invoking command in '/home/parallels/Desktop/Roboticss/src/broadcaster_listener': PYTHONPATH=/home/parallels/Desktop/Roboticss/build/broadcaster_listener/prefix_override:/home/parallels/Desktop/Roboticss/install/broadcaster_listener/lib/python3.10/site-packages:${PYTHONPATH} /usr/bin/python3 setup.py egg_info --egg-base ../../build/broadcaster_listener build --build-base /home/parallels/Desktop/Roboticss/build/broadcaster_listener/build install --record /home/parallels/Desktop/Roboticss/build/broadcaster_listener/install.log --single-version-externally-managed
[0.784s] running egg_info
[0.786s] creating ../../build/broadcaster_listener/broadcaster_listener.egg-info
[0.786s] writing ../../build/broadcaster_listener/broadcaster_listener.egg-info/PKG-INFO
[0.787s] writing dependency_links to ../../build/broadcaster_listener/broadcaster_listener.egg-info/dependency_links.txt
[0.788s] writing entry points to ../../build/broadcaster_listener/broadcaster_listener.egg-info/entry_points.txt
[0.788s] writing requirements to ../../build/broadcaster_listener/broadcaster_listener.egg-info/requires.txt
[0.789s] writing top-level names to ../../build/broadcaster_listener/broadcaster_listener.egg-info/top_level.txt
[0.789s] writing manifest file '../../build/broadcaster_listener/broadcaster_listener.egg-info/SOURCES.txt'
[0.789s] reading manifest file '../../build/broadcaster_listener/broadcaster_listener.egg-info/SOURCES.txt'
[0.789s] adding license file 'LICENSE'
[0.789s] writing manifest file '../../build/broadcaster_listener/broadcaster_listener.egg-info/SOURCES.txt'
[0.789s] running build
[0.790s] running build_py
[0.790s] creating /home/parallels/Desktop/Roboticss/build/broadcaster_listener/build
[0.790s] creating /home/parallels/Desktop/Roboticss/build/broadcaster_listener/build/lib
[0.790s] creating /home/parallels/Desktop/Roboticss/build/broadcaster_listener/build/lib/broadcaster_listener
[0.790s] copying broadcaster_listener/turtle_tf2_broadcaster.py -> /home/parallels/Desktop/Roboticss/build/broadcaster_listener/build/lib/broadcaster_listener
[0.790s] copying broadcaster_listener/__init__.py -> /home/parallels/Desktop/Roboticss/build/broadcaster_listener/build/lib/broadcaster_listener
[0.790s] running install
[0.790s] /usr/lib/python3/dist-packages/setuptools/command/install.py:34: SetuptoolsDeprecationWarning: setup.py install is deprecated. Use build and pip and other standards-based tools.
[0.790s]   warnings.warn(
[0.790s] running install_lib
[0.790s] creating /home/parallels/Desktop/Roboticss/install/broadcaster_listener/lib/python3.10/site-packages/broadcaster_listener
[0.790s] copying /home/parallels/Desktop/Roboticss/build/broadcaster_listener/build/lib/broadcaster_listener/turtle_tf2_broadcaster.py -> /home/parallels/Desktop/Roboticss/install/broadcaster_listener/lib/python3.10/site-packages/broadcaster_listener
[0.790s] copying /home/parallels/Desktop/Roboticss/build/broadcaster_listener/build/lib/broadcaster_listener/__init__.py -> /home/parallels/Desktop/Roboticss/install/broadcaster_listener/lib/python3.10/site-packages/broadcaster_listener
[0.793s] byte-compiling /home/parallels/Desktop/Roboticss/install/broadcaster_listener/lib/python3.10/site-packages/broadcaster_listener/turtle_tf2_broadcaster.py to turtle_tf2_broadcaster.cpython-310.pyc
[0.793s] byte-compiling /home/parallels/Desktop/Roboticss/install/broadcaster_listener/lib/python3.10/site-packages/broadcaster_listener/__init__.py to __init__.cpython-310.pyc
[0.793s] running install_data
[0.793s] creating /home/parallels/Desktop/Roboticss/install/broadcaster_listener/share/ament_index
[0.793s] creating /home/parallels/Desktop/Roboticss/install/broadcaster_listener/share/ament_index/resource_index
[0.793s] creating /home/parallels/Desktop/Roboticss/install/broadcaster_listener/share/ament_index/resource_index/packages
[0.793s] copying resource/broadcaster_listener -> /home/parallels/Desktop/Roboticss/install/broadcaster_listener/share/ament_index/resource_index/packages
[0.793s] copying package.xml -> /home/parallels/Desktop/Roboticss/install/broadcaster_listener/share/broadcaster_listener
[0.793s] creating /home/parallels/Desktop/Roboticss/install/broadcaster_listener/share/broadcaster_listener/launch
[0.793s] copying launch/turtle_tf2_demo.launch.py -> /home/parallels/Desktop/Roboticss/install/broadcaster_listener/share/broadcaster_listener/launch
[0.793s] running install_egg_info
[0.793s] Copying ../../build/broadcaster_listener/broadcaster_listener.egg-info to /home/parallels/Desktop/Roboticss/install/broadcaster_listener/lib/python3.10/site-packages/broadcaster_listener-0.0.0-py3.10.egg-info
[0.793s] running install_scripts
[0.810s] Installing turtle_tf2_broadcaster script to /home/parallels/Desktop/Roboticss/install/broadcaster_listener/lib/broadcaster_listener
[0.810s] writing list of installed files to '/home/parallels/Desktop/Roboticss/build/broadcaster_listener/install.log'
[0.829s] Invoked command in '/home/parallels/Desktop/Roboticss/src/broadcaster_listener' returned '0': PYTHONPATH=/home/parallels/Desktop/Roboticss/build/broadcaster_listener/prefix_override:/home/parallels/Desktop/Roboticss/install/broadcaster_listener/lib/python3.10/site-packages:${PYTHONPATH} /usr/bin/python3 setup.py egg_info --egg-base ../../build/broadcaster_listener build --build-base /home/parallels/Desktop/Roboticss/build/broadcaster_listener/build install --record /home/parallels/Desktop/Roboticss/build/broadcaster_listener/install.log --single-version-externally-managed
