[0.515s] Invoking command in '/home/parallels/Desktop/Roboticss/src/broadcaster_listener': PYTHONPATH=/home/parallels/Desktop/Roboticss/build/broadcaster_listener/prefix_override:/home/parallels/Desktop/Roboticss/install/broadcaster_listener/lib/python3.10/site-packages:${PYTHONPATH} /usr/bin/python3 setup.py egg_info --egg-base ../../build/broadcaster_listener build --build-base /home/parallels/Desktop/Roboticss/build/broadcaster_listener/build install --record /home/parallels/Desktop/Roboticss/build/broadcaster_listener/install.log --single-version-externally-managed
[0.695s] running egg_info
[0.696s] writing ../../build/broadcaster_listener/broadcaster_listener.egg-info/PKG-INFO
[0.697s] writing dependency_links to ../../build/broadcaster_listener/broadcaster_listener.egg-info/dependency_links.txt
[0.697s] writing entry points to ../../build/broadcaster_listener/broadcaster_listener.egg-info/entry_points.txt
[0.698s] writing requirements to ../../build/broadcaster_listener/broadcaster_listener.egg-info/requires.txt
[0.698s] writing top-level names to ../../build/broadcaster_listener/broadcaster_listener.egg-info/top_level.txt
[0.700s] reading manifest file '../../build/broadcaster_listener/broadcaster_listener.egg-info/SOURCES.txt'
[0.700s] adding license file 'LICENSE'
[0.700s] writing manifest file '../../build/broadcaster_listener/broadcaster_listener.egg-info/SOURCES.txt'
[0.700s] running build
[0.701s] running build_py
[0.701s] copying broadcaster_listener/dynamic_frame_tf2_broadcaster.py -> /home/parallels/Desktop/Roboticss/build/broadcaster_listener/build/lib/broadcaster_listener
[0.701s] running install
[0.701s] running install_lib
[0.701s] /usr/lib/python3/dist-packages/setuptools/command/install.py:34: SetuptoolsDeprecationWarning: setup.py install is deprecated. Use build and pip and other standards-based tools.
[0.701s]   warnings.warn(
[0.703s] copying /home/parallels/Desktop/Roboticss/build/broadcaster_listener/build/lib/broadcaster_listener/dynamic_frame_tf2_broadcaster.py -> /home/parallels/Desktop/Roboticss/install/broadcaster_listener/lib/python3.10/site-packages/broadcaster_listener
[0.712s] byte-compiling /home/parallels/Desktop/Roboticss/install/broadcaster_listener/lib/python3.10/site-packages/broadcaster_listener/dynamic_frame_tf2_broadcaster.py to dynamic_frame_tf2_broadcaster.cpython-310.pyc
[0.712s] running install_data
[0.712s] copying launch/turtle_tf2_dynamic_frame_demo.launch.py -> /home/parallels/Desktop/Roboticss/install/broadcaster_listener/share/broadcaster_listener/launch
[0.712s] running install_egg_info
[0.712s] removing '/home/parallels/Desktop/Roboticss/install/broadcaster_listener/lib/python3.10/site-packages/broadcaster_listener-0.0.0-py3.10.egg-info' (and everything under it)
[0.712s] Copying ../../build/broadcaster_listener/broadcaster_listener.egg-info to /home/parallels/Desktop/Roboticss/install/broadcaster_listener/lib/python3.10/site-packages/broadcaster_listener-0.0.0-py3.10.egg-info
[0.712s] running install_scripts
[0.722s] Installing dynamic_frame_tf2_broadcaster script to /home/parallels/Desktop/Roboticss/install/broadcaster_listener/lib/broadcaster_listener
[0.722s] Installing fixed_frame_tf2_broadcaster script to /home/parallels/Desktop/Roboticss/install/broadcaster_listener/lib/broadcaster_listener
[0.723s] Installing turtle_tf2_broadcaster script to /home/parallels/Desktop/Roboticss/install/broadcaster_listener/lib/broadcaster_listener
[0.723s] Installing turtle_tf2_listener script to /home/parallels/Desktop/Roboticss/install/broadcaster_listener/lib/broadcaster_listener
[0.723s] writing list of installed files to '/home/parallels/Desktop/Roboticss/build/broadcaster_listener/install.log'
[0.748s] Invoked command in '/home/parallels/Desktop/Roboticss/src/broadcaster_listener' returned '0': PYTHONPATH=/home/parallels/Desktop/Roboticss/build/broadcaster_listener/prefix_override:/home/parallels/Desktop/Roboticss/install/broadcaster_listener/lib/python3.10/site-packages:${PYTHONPATH} /usr/bin/python3 setup.py egg_info --egg-base ../../build/broadcaster_listener build --build-base /home/parallels/Desktop/Roboticss/build/broadcaster_listener/build install --record /home/parallels/Desktop/Roboticss/build/broadcaster_listener/install.log --single-version-externally-managed
