[0.460s] Invoking command in '/home/cse_st/Desktop/robotics/src/broadcaster_listener': PYTHONPATH=/home/cse_st/Desktop/robotics/build/broadcaster_listener/prefix_override:/home/cse_st/Desktop/robotics/install/broadcaster_listener/lib/python3.10/site-packages:${PYTHONPATH} /usr/bin/python3 setup.py egg_info --egg-base ../../build/broadcaster_listener build --build-base /home/cse_st/Desktop/robotics/build/broadcaster_listener/build install --record /home/cse_st/Desktop/robotics/build/broadcaster_listener/install.log --single-version-externally-managed
[0.617s] running egg_info
[0.617s] writing ../../build/broadcaster_listener/broadcaster_listener.egg-info/PKG-INFO
[0.617s] writing dependency_links to ../../build/broadcaster_listener/broadcaster_listener.egg-info/dependency_links.txt
[0.618s] writing entry points to ../../build/broadcaster_listener/broadcaster_listener.egg-info/entry_points.txt
[0.618s] writing requirements to ../../build/broadcaster_listener/broadcaster_listener.egg-info/requires.txt
[0.618s] writing top-level names to ../../build/broadcaster_listener/broadcaster_listener.egg-info/top_level.txt
[0.619s] reading manifest file '../../build/broadcaster_listener/broadcaster_listener.egg-info/SOURCES.txt'
[0.649s] adding license file 'LICENSE'
[0.650s] writing manifest file '../../build/broadcaster_listener/broadcaster_listener.egg-info/SOURCES.txt'
[0.650s] running build
[0.650s] running build_py
[0.651s] copying broadcaster_listener/turtle_tf2_listener.py -> /home/cse_st/Desktop/robotics/build/broadcaster_listener/build/lib/broadcaster_listener
[0.651s] running install
[0.651s] /usr/lib/python3/dist-packages/setuptools/command/install.py:34: SetuptoolsDeprecationWarning: setup.py install is deprecated. Use build and pip and other standards-based tools.
[0.651s]   warnings.warn(
[0.652s] running install_lib
[0.653s] copying /home/cse_st/Desktop/robotics/build/broadcaster_listener/build/lib/broadcaster_listener/turtle_tf2_listener.py -> /home/cse_st/Desktop/robotics/install/broadcaster_listener/lib/python3.10/site-packages/broadcaster_listener
[0.653s] byte-compiling /home/cse_st/Desktop/robotics/install/broadcaster_listener/lib/python3.10/site-packages/broadcaster_listener/turtle_tf2_listener.py to turtle_tf2_listener.cpython-310.pyc
[0.654s] running install_data
[0.655s] running install_egg_info
[0.657s] removing '/home/cse_st/Desktop/robotics/install/broadcaster_listener/lib/python3.10/site-packages/broadcaster_listener-0.0.0-py3.10.egg-info' (and everything under it)
[0.657s] Copying ../../build/broadcaster_listener/broadcaster_listener.egg-info to /home/cse_st/Desktop/robotics/install/broadcaster_listener/lib/python3.10/site-packages/broadcaster_listener-0.0.0-py3.10.egg-info
[0.658s] running install_scripts
[0.673s] Installing dynamic_frame_tf2_broadcaster script to /home/cse_st/Desktop/robotics/install/broadcaster_listener/lib/broadcaster_listener
[0.673s] Installing fixed_frame_tf2_broadcaster script to /home/cse_st/Desktop/robotics/install/broadcaster_listener/lib/broadcaster_listener
[0.673s] Installing turtle_tf2_broadcaster script to /home/cse_st/Desktop/robotics/install/broadcaster_listener/lib/broadcaster_listener
[0.673s] Installing turtle_tf2_listener script to /home/cse_st/Desktop/robotics/install/broadcaster_listener/lib/broadcaster_listener
[0.673s] writing list of installed files to '/home/cse_st/Desktop/robotics/build/broadcaster_listener/install.log'
[0.692s] Invoked command in '/home/cse_st/Desktop/robotics/src/broadcaster_listener' returned '0': PYTHONPATH=/home/cse_st/Desktop/robotics/build/broadcaster_listener/prefix_override:/home/cse_st/Desktop/robotics/install/broadcaster_listener/lib/python3.10/site-packages:${PYTHONPATH} /usr/bin/python3 setup.py egg_info --egg-base ../../build/broadcaster_listener build --build-base /home/cse_st/Desktop/robotics/build/broadcaster_listener/build install --record /home/cse_st/Desktop/robotics/build/broadcaster_listener/install.log --single-version-externally-managed
